{"C:\\Users\\Usuario\\Desktop\\Proyecto My Dreams\\src\\App.css": {"path":"C:\\Users\\Usuario\\Desktop\\Proyecto My Dreams\\src\\App.css","statementMap":{},"fnMap":{},"branchMap":{},"s":{},"f":{},"b":{},"meta":{"lastBranch":0,"lastFunction":0,"lastStatement":0,"seen":{}}}
,"C:\\Users\\Usuario\\Desktop\\Proyecto My Dreams\\src\\index.css": {"path":"C:\\Users\\Usuario\\Desktop\\Proyecto My Dreams\\src\\index.css","statementMap":{},"fnMap":{},"branchMap":{},"s":{},"f":{},"b":{},"meta":{"lastBranch":0,"lastFunction":0,"lastStatement":0,"seen":{}}}
,"C:\\Users\\Usuario\\Desktop\\Proyecto My Dreams\\src\\assets\\img\\logoPasteleria.png": {"path":"C:\\Users\\Usuario\\Desktop\\Proyecto My Dreams\\src\\assets\\img\\logoPasteleria.png","statementMap":{},"fnMap":{},"branchMap":{},"s":{},"f":{},"b":{},"meta":{"lastBranch":0,"lastFunction":0,"lastStatement":0,"seen":{}}}
,"C:\\Users\\Usuario\\Desktop\\Proyecto My Dreams\\src\\components\\Footer.jsx": {"path":"C:\\Users\\Usuario\\Desktop\\Proyecto My Dreams\\src\\components\\Footer.jsx","statementMap":{"0":{"start":{"line":4,"column":15},"end":{"line":15,"column":null}},"1":{"start":{"line":5,"column":2},"end":{"line":13,"column":null}}},"fnMap":{"0":{"name":"(anonymous_0)","decl":{"start":{"line":4,"column":15},"end":{"line":4,"column":21}},"loc":{"start":{"line":4,"column":21},"end":{"line":15,"column":null}},"line":4}},"branchMap":{},"s":{"0":1,"1":1},"f":{"0":1},"b":{},"meta":{"lastBranch":0,"lastFunction":1,"lastStatement":2,"seen":{"s:4:15:15:Infinity":0,"f:4:15:4:21":0,"s:5:2:13:Infinity":1}}}
,"C:\\Users\\Usuario\\Desktop\\Proyecto My Dreams\\src\\components\\Header.jsx": {"path":"C:\\Users\\Usuario\\Desktop\\Proyecto My Dreams\\src\\components\\Header.jsx","statementMap":{"0":{"start":{"line":5,"column":8},"end":{"line":5,"column":null}},"1":{"start":{"line":7,"column":19},"end":{"line":7,"column":null}},"2":{"start":{"line":9,"column":23},"end":{"line":14,"column":null}},"3":{"start":{"line":11,"column":4},"end":{"line":11,"column":null}},"4":{"start":{"line":13,"column":4},"end":{"line":13,"column":null}},"5":{"start":{"line":16,"column":2},"end":{"line":58,"column":null}}},"fnMap":{"0":{"name":"Header","decl":{"start":{"line":4,"column":9},"end":{"line":4,"column":18}},"loc":{"start":{"line":4,"column":18},"end":{"line":60,"column":null}},"line":4},"1":{"name":"(anonymous_1)","decl":{"start":{"line":9,"column":23},"end":{"line":9,"column":29}},"loc":{"start":{"line":9,"column":29},"end":{"line":14,"column":null}},"line":9}},"branchMap":{"0":{"loc":{"start":{"line":31,"column":11},"end":{"line":36,"column":null}},"type":"binary-expr","locations":[{"start":{"line":31,"column":11},"end":{"line":31,"column":null}},{"start":{"line":32,"column":12},"end":{"line":36,"column":null}}],"line":31},"1":{"loc":{"start":{"line":39,"column":11},"end":{"line":54,"column":null}},"type":"cond-expr","locations":[{"start":{"line":40,"column":12},"end":{"line":50,"column":null}},{"start":{"line":52,"column":12},"end":{"line":54,"column":null}}],"line":39}},"s":{"0":2,"1":2,"2":2,"3":0,"4":0,"5":2},"f":{"0":2,"1":0},"b":{"0":[2,1],"1":[1,1]},"meta":{"lastBranch":2,"lastFunction":2,"lastStatement":6,"seen":{"f:4:9:4:18":0,"s:5:8:5:Infinity":0,"s:7:19:7:Infinity":1,"s:9:23:14:Infinity":2,"f:9:23:9:29":1,"s:11:4:11:Infinity":3,"s:13:4:13:Infinity":4,"s:16:2:58:Infinity":5,"b:31:11:31:Infinity:32:12:36:Infinity":0,"b:40:12:50:Infinity:52:12:54:Infinity":1}}}
,"C:\\Users\\Usuario\\Desktop\\Proyecto My Dreams\\src\\pages\\AdminPanel.jsx": {"path":"C:\\Users\\Usuario\\Desktop\\Proyecto My Dreams\\src\\pages\\AdminPanel.jsx","statementMap":{"0":{"start":{"line":5,"column":19},"end":{"line":135,"column":null}},"1":{"start":{"line":6,"column":32},"end":{"line":6,"column":null}},"2":{"start":{"line":7,"column":40},"end":{"line":9,"column":null}},"3":{"start":{"line":10,"column":34},"end":{"line":10,"column":null}},"4":{"start":{"line":12,"column":16},"end":{"line":12,"column":null}},"5":{"start":{"line":14,"column":2},"end":{"line":16,"column":null}},"6":{"start":{"line":15,"column":4},"end":{"line":15,"column":null}},"7":{"start":{"line":18,"column":22},"end":{"line":25,"column":null}},"8":{"start":{"line":19,"column":4},"end":{"line":24,"column":null}},"9":{"start":{"line":20,"column":19},"end":{"line":20,"column":null}},"10":{"start":{"line":21,"column":6},"end":{"line":21,"column":null}},"11":{"start":{"line":23,"column":6},"end":{"line":23,"column":null}},"12":{"start":{"line":27,"column":23},"end":{"line":29,"column":null}},"13":{"start":{"line":28,"column":4},"end":{"line":28,"column":null}},"14":{"start":{"line":31,"column":23},"end":{"line":59,"column":null}},"15":{"start":{"line":32,"column":4},"end":{"line":32,"column":null}},"16":{"start":{"line":33,"column":19},"end":{"line":33,"column":null}},"17":{"start":{"line":34,"column":16},"end":{"line":36,"column":null}},"18":{"start":{"line":38,"column":4},"end":{"line":58,"column":null}},"19":{"start":{"line":39,"column":19},"end":{"line":46,"column":null}},"20":{"start":{"line":48,"column":6},"end":{"line":55,"column":null}},"21":{"start":{"line":49,"column":8},"end":{"line":49,"column":null}},"22":{"start":{"line":50,"column":8},"end":{"line":50,"column":null}},"23":{"start":{"line":51,"column":8},"end":{"line":51,"column":null}},"24":{"start":{"line":52,"column":8},"end":{"line":52,"column":null}},"25":{"start":{"line":54,"column":8},"end":{"line":54,"column":null}},"26":{"start":{"line":57,"column":6},"end":{"line":57,"column":null}},"27":{"start":{"line":61,"column":19},"end":{"line":84,"column":null}},"28":{"start":{"line":62,"column":19},"end":{"line":68,"column":null}},"29":{"start":{"line":70,"column":4},"end":{"line":83,"column":null}},"30":{"start":{"line":71,"column":6},"end":{"line":82,"column":null}},"31":{"start":{"line":72,"column":21},"end":{"line":75,"column":null}},"32":{"start":{"line":76,"column":8},"end":{"line":79,"column":null}},"33":{"start":{"line":77,"column":10},"end":{"line":77,"column":null}},"34":{"start":{"line":78,"column":10},"end":{"line":78,"column":null}},"35":{"start":{"line":81,"column":8},"end":{"line":81,"column":null}},"36":{"start":{"line":86,"column":26},"end":{"line":89,"column":null}},"37":{"start":{"line":87,"column":4},"end":{"line":87,"column":null}},"38":{"start":{"line":88,"column":4},"end":{"line":88,"column":null}},"39":{"start":{"line":91,"column":2},"end":{"line":133,"column":null}},"40":{"start":{"line":122,"column":12},"end":{"line":129,"column":null}},"41":{"start":{"line":126,"column":39},"end":{"line":126,"column":59}},"42":{"start":{"line":127,"column":39},"end":{"line":127,"column":55}}},"fnMap":{"0":{"name":"(anonymous_0)","decl":{"start":{"line":5,"column":19},"end":{"line":5,"column":25}},"loc":{"start":{"line":5,"column":25},"end":{"line":135,"column":null}},"line":5},"1":{"name":"(anonymous_1)","decl":{"start":{"line":14,"column":12},"end":{"line":14,"column":18}},"loc":{"start":{"line":14,"column":18},"end":{"line":16,"column":5}},"line":14},"2":{"name":"(anonymous_2)","decl":{"start":{"line":18,"column":22},"end":{"line":18,"column":34}},"loc":{"start":{"line":18,"column":34},"end":{"line":25,"column":null}},"line":18},"3":{"name":"(anonymous_3)","decl":{"start":{"line":27,"column":23},"end":{"line":27,"column":24}},"loc":{"start":{"line":27,"column":30},"end":{"line":29,"column":null}},"line":27},"4":{"name":"(anonymous_4)","decl":{"start":{"line":31,"column":23},"end":{"line":31,"column":30}},"loc":{"start":{"line":31,"column":36},"end":{"line":59,"column":null}},"line":31},"5":{"name":"(anonymous_5)","decl":{"start":{"line":61,"column":19},"end":{"line":61,"column":26}},"loc":{"start":{"line":61,"column":33},"end":{"line":84,"column":null}},"line":61},"6":{"name":"(anonymous_6)","decl":{"start":{"line":86,"column":26},"end":{"line":86,"column":27}},"loc":{"start":{"line":86,"column":36},"end":{"line":89,"column":null}},"line":86},"7":{"name":"(anonymous_7)","decl":{"start":{"line":121,"column":25},"end":{"line":121,"column":null}},"loc":{"start":{"line":122,"column":12},"end":{"line":129,"column":null}},"line":122},"8":{"name":"(anonymous_8)","decl":{"start":{"line":126,"column":33},"end":{"line":126,"column":39}},"loc":{"start":{"line":126,"column":39},"end":{"line":126,"column":59}},"line":126},"9":{"name":"(anonymous_9)","decl":{"start":{"line":127,"column":33},"end":{"line":127,"column":39}},"loc":{"start":{"line":127,"column":39},"end":{"line":127,"column":55}},"line":127}},"branchMap":{"0":{"loc":{"start":{"line":33,"column":19},"end":{"line":33,"column":null}},"type":"cond-expr","locations":[{"start":{"line":33,"column":32},"end":{"line":33,"column":40}},{"start":{"line":33,"column":40},"end":{"line":33,"column":null}}],"line":33},"1":{"loc":{"start":{"line":34,"column":16},"end":{"line":36,"column":null}},"type":"cond-expr","locations":[{"start":{"line":35,"column":8},"end":{"line":35,"column":null}},{"start":{"line":36,"column":8},"end":{"line":36,"column":null}}],"line":34},"2":{"loc":{"start":{"line":48,"column":6},"end":{"line":55,"column":null}},"type":"if","locations":[{"start":{"line":48,"column":6},"end":{"line":55,"column":null}},{"start":{"line":53,"column":13},"end":{"line":55,"column":null}}],"line":48},"3":{"loc":{"start":{"line":49,"column":27},"end":{"line":49,"column":84}},"type":"cond-expr","locations":[{"start":{"line":49,"column":40},"end":{"line":49,"column":65}},{"start":{"line":49,"column":65},"end":{"line":49,"column":84}}],"line":49},"4":{"loc":{"start":{"line":70,"column":4},"end":{"line":83,"column":null}},"type":"if","locations":[{"start":{"line":70,"column":4},"end":{"line":83,"column":null}},{"start":{},"end":{}}],"line":70},"5":{"loc":{"start":{"line":76,"column":8},"end":{"line":79,"column":null}},"type":"if","locations":[{"start":{"line":76,"column":8},"end":{"line":79,"column":null}},{"start":{},"end":{}}],"line":76},"6":{"loc":{"start":{"line":108,"column":11},"end":{"line":108,"column":null}},"type":"cond-expr","locations":[{"start":{"line":108,"column":24},"end":{"line":108,"column":39}},{"start":{"line":108,"column":39},"end":{"line":108,"column":null}}],"line":108}},"s":{"0":1,"1":18,"2":18,"3":18,"4":18,"5":18,"6":5,"7":18,"8":8,"9":8,"10":8,"11":0,"12":18,"13":5,"14":18,"15":3,"16":3,"17":3,"18":3,"19":3,"20":3,"21":2,"22":2,"23":2,"24":2,"25":1,"26":0,"27":18,"28":1,"29":1,"30":1,"31":1,"32":1,"33":1,"34":1,"35":0,"36":18,"37":1,"38":1,"39":18,"40":9,"41":1,"42":1},"f":{"0":18,"1":5,"2":8,"3":5,"4":3,"5":1,"6":1,"7":9,"8":1,"9":1},"b":{"0":[1,2],"1":[1,2],"2":[2,1],"3":[1,1],"4":[1,0],"5":[1,0],"6":[2,16]},"meta":{"lastBranch":7,"lastFunction":10,"lastStatement":43,"seen":{"s:5:19:135:Infinity":0,"f:5:19:5:25":0,"s:6:32:6:Infinity":1,"s:7:40:9:Infinity":2,"s:10:34:10:Infinity":3,"s:12:16:12:Infinity":4,"s:14:2:16:Infinity":5,"f:14:12:14:18":1,"s:15:4:15:Infinity":6,"s:18:22:25:Infinity":7,"f:18:22:18:34":2,"s:19:4:24:Infinity":8,"s:20:19:20:Infinity":9,"s:21:6:21:Infinity":10,"s:23:6:23:Infinity":11,"s:27:23:29:Infinity":12,"f:27:23:27:24":3,"s:28:4:28:Infinity":13,"s:31:23:59:Infinity":14,"f:31:23:31:30":4,"s:32:4:32:Infinity":15,"s:33:19:33:Infinity":16,"b:33:32:33:40:33:40:33:Infinity":0,"s:34:16:36:Infinity":17,"b:35:8:35:Infinity:36:8:36:Infinity":1,"s:38:4:58:Infinity":18,"s:39:19:46:Infinity":19,"b:48:6:55:Infinity:53:13:55:Infinity":2,"s:48:6:55:Infinity":20,"s:49:8:49:Infinity":21,"b:49:40:49:65:49:65:49:84":3,"s:50:8:50:Infinity":22,"s:51:8:51:Infinity":23,"s:52:8:52:Infinity":24,"s:54:8:54:Infinity":25,"s:57:6:57:Infinity":26,"s:61:19:84:Infinity":27,"f:61:19:61:26":5,"s:62:19:68:Infinity":28,"b:70:4:83:Infinity:undefined:undefined:undefined:undefined":4,"s:70:4:83:Infinity":29,"s:71:6:82:Infinity":30,"s:72:21:75:Infinity":31,"b:76:8:79:Infinity:undefined:undefined:undefined:undefined":5,"s:76:8:79:Infinity":32,"s:77:10:77:Infinity":33,"s:78:10:78:Infinity":34,"s:81:8:81:Infinity":35,"s:86:26:89:Infinity":36,"f:86:26:86:27":6,"s:87:4:87:Infinity":37,"s:88:4:88:Infinity":38,"s:91:2:133:Infinity":39,"b:108:24:108:39:108:39:108:Infinity":6,"f:121:25:121:Infinity":7,"s:122:12:129:Infinity":40,"f:126:33:126:39":8,"s:126:39:126:59":41,"f:127:33:127:39":9,"s:127:39:127:55":42}}}
,"C:\\Users\\Usuario\\Desktop\\Proyecto My Dreams\\src\\pages\\Contacto.jsx": {"path":"C:\\Users\\Usuario\\Desktop\\Proyecto My Dreams\\src\\pages\\Contacto.jsx","statementMap":{"0":{"start":{"line":4,"column":17},"end":{"line":188,"column":null}},"1":{"start":{"line":5,"column":30},"end":{"line":11,"column":null}},"2":{"start":{"line":13,"column":28},"end":{"line":13,"column":null}},"3":{"start":{"line":14,"column":38},"end":{"line":14,"column":null}},"4":{"start":{"line":15,"column":28},"end":{"line":15,"column":null}},"5":{"start":{"line":17,"column":23},"end":{"line":26,"column":null}},"6":{"start":{"line":18,"column":26},"end":{"line":18,"column":null}},"7":{"start":{"line":19,"column":4},"end":{"line":24,"column":null}},"8":{"start":{"line":20,"column":26},"end":{"line":20,"column":null}},"9":{"start":{"line":21,"column":6},"end":{"line":21,"column":null}},"10":{"start":{"line":23,"column":6},"end":{"line":23,"column":null}},"11":{"start":{"line":25,"column":4},"end":{"line":25,"column":null}},"12":{"start":{"line":25,"column":21},"end":{"line":25,"column":null}},"13":{"start":{"line":28,"column":28},"end":{"line":64,"column":null}},"14":{"start":{"line":29,"column":24},"end":{"line":29,"column":null}},"15":{"start":{"line":30,"column":19},"end":{"line":30,"column":null}},"16":{"start":{"line":31,"column":25},"end":{"line":31,"column":null}},"17":{"start":{"line":32,"column":24},"end":{"line":32,"column":null}},"18":{"start":{"line":34,"column":4},"end":{"line":40,"column":null}},"19":{"start":{"line":35,"column":6},"end":{"line":35,"column":null}},"20":{"start":{"line":36,"column":6},"end":{"line":36,"column":null}},"21":{"start":{"line":37,"column":4},"end":{"line":40,"column":null}},"22":{"start":{"line":38,"column":6},"end":{"line":38,"column":null}},"23":{"start":{"line":39,"column":6},"end":{"line":39,"column":null}},"24":{"start":{"line":42,"column":4},"end":{"line":45,"column":null}},"25":{"start":{"line":43,"column":6},"end":{"line":43,"column":null}},"26":{"start":{"line":44,"column":6},"end":{"line":44,"column":null}},"27":{"start":{"line":47,"column":4},"end":{"line":50,"column":null}},"28":{"start":{"line":48,"column":6},"end":{"line":48,"column":null}},"29":{"start":{"line":49,"column":6},"end":{"line":49,"column":null}},"30":{"start":{"line":52,"column":4},"end":{"line":55,"column":null}},"31":{"start":{"line":53,"column":6},"end":{"line":53,"column":null}},"32":{"start":{"line":54,"column":6},"end":{"line":54,"column":null}},"33":{"start":{"line":57,"column":4},"end":{"line":60,"column":null}},"34":{"start":{"line":58,"column":6},"end":{"line":58,"column":null}},"35":{"start":{"line":59,"column":6},"end":{"line":59,"column":null}},"36":{"start":{"line":62,"column":4},"end":{"line":62,"column":null}},"37":{"start":{"line":63,"column":4},"end":{"line":63,"column":null}},"38":{"start":{"line":66,"column":23},"end":{"line":92,"column":null}},"39":{"start":{"line":67,"column":4},"end":{"line":67,"column":null}},"40":{"start":{"line":68,"column":4},"end":{"line":68,"column":null}},"41":{"start":{"line":68,"column":30},"end":{"line":68,"column":null}},"42":{"start":{"line":70,"column":4},"end":{"line":70,"column":null}},"43":{"start":{"line":72,"column":4},"end":{"line":91,"column":null}},"44":{"start":{"line":74,"column":23},"end":{"line":78,"column":null}},"45":{"start":{"line":80,"column":6},"end":{"line":86,"column":null}},"46":{"start":{"line":81,"column":8},"end":{"line":81,"column":null}},"47":{"start":{"line":82,"column":8},"end":{"line":82,"column":null}},"48":{"start":{"line":83,"column":8},"end":{"line":83,"column":null}},"49":{"start":{"line":83,"column":25},"end":{"line":83,"column":49}},"50":{"start":{"line":85,"column":8},"end":{"line":85,"column":null}},"51":{"start":{"line":88,"column":6},"end":{"line":88,"column":null}},"52":{"start":{"line":90,"column":6},"end":{"line":90,"column":null}},"53":{"start":{"line":94,"column":2},"end":{"line":186,"column":null}}},"fnMap":{"0":{"name":"(anonymous_0)","decl":{"start":{"line":4,"column":17},"end":{"line":4,"column":23}},"loc":{"start":{"line":4,"column":23},"end":{"line":188,"column":null}},"line":4},"1":{"name":"(anonymous_1)","decl":{"start":{"line":17,"column":23},"end":{"line":17,"column":24}},"loc":{"start":{"line":17,"column":30},"end":{"line":26,"column":null}},"line":17},"2":{"name":"(anonymous_2)","decl":{"start":{"line":28,"column":28},"end":{"line":28,"column":34}},"loc":{"start":{"line":28,"column":34},"end":{"line":64,"column":null}},"line":28},"3":{"name":"(anonymous_3)","decl":{"start":{"line":66,"column":23},"end":{"line":66,"column":30}},"loc":{"start":{"line":66,"column":36},"end":{"line":92,"column":null}},"line":66},"4":{"name":"(anonymous_4)","decl":{"start":{"line":83,"column":19},"end":{"line":83,"column":25}},"loc":{"start":{"line":83,"column":25},"end":{"line":83,"column":49}},"line":83}},"branchMap":{"0":{"loc":{"start":{"line":19,"column":4},"end":{"line":24,"column":null}},"type":"if","locations":[{"start":{"line":19,"column":4},"end":{"line":24,"column":null}},{"start":{"line":22,"column":11},"end":{"line":24,"column":null}}],"line":19},"1":{"loc":{"start":{"line":25,"column":4},"end":{"line":25,"column":null}},"type":"if","locations":[{"start":{"line":25,"column":4},"end":{"line":25,"column":null}},{"start":{},"end":{}}],"line":25},"2":{"loc":{"start":{"line":34,"column":4},"end":{"line":40,"column":null}},"type":"if","locations":[{"start":{"line":34,"column":4},"end":{"line":40,"column":null}},{"start":{"line":37,"column":4},"end":{"line":40,"column":null}}],"line":34},"3":{"loc":{"start":{"line":37,"column":4},"end":{"line":40,"column":null}},"type":"if","locations":[{"start":{"line":37,"column":4},"end":{"line":40,"column":null}},{"start":{},"end":{}}],"line":37},"4":{"loc":{"start":{"line":42,"column":4},"end":{"line":45,"column":null}},"type":"if","locations":[{"start":{"line":42,"column":4},"end":{"line":45,"column":null}},{"start":{},"end":{}}],"line":42},"5":{"loc":{"start":{"line":42,"column":8},"end":{"line":42,"column":69}},"type":"binary-expr","locations":[{"start":{"line":42,"column":8},"end":{"line":42,"column":34}},{"start":{"line":42,"column":34},"end":{"line":42,"column":69}}],"line":42},"6":{"loc":{"start":{"line":47,"column":4},"end":{"line":50,"column":null}},"type":"if","locations":[{"start":{"line":47,"column":4},"end":{"line":50,"column":null}},{"start":{},"end":{}}],"line":47},"7":{"loc":{"start":{"line":52,"column":4},"end":{"line":55,"column":null}},"type":"if","locations":[{"start":{"line":52,"column":4},"end":{"line":55,"column":null}},{"start":{},"end":{}}],"line":52},"8":{"loc":{"start":{"line":57,"column":4},"end":{"line":60,"column":null}},"type":"if","locations":[{"start":{"line":57,"column":4},"end":{"line":60,"column":null}},{"start":{},"end":{}}],"line":57},"9":{"loc":{"start":{"line":68,"column":4},"end":{"line":68,"column":null}},"type":"if","locations":[{"start":{"line":68,"column":4},"end":{"line":68,"column":null}},{"start":{},"end":{}}],"line":68},"10":{"loc":{"start":{"line":80,"column":6},"end":{"line":86,"column":null}},"type":"if","locations":[{"start":{"line":80,"column":6},"end":{"line":86,"column":null}},{"start":{"line":84,"column":13},"end":{"line":86,"column":null}}],"line":80},"11":{"loc":{"start":{"line":109,"column":25},"end":{"line":109,"column":null}},"type":"cond-expr","locations":[{"start":{"line":109,"column":42},"end":{"line":109,"column":58}},{"start":{"line":109,"column":58},"end":{"line":109,"column":null}}],"line":109},"12":{"loc":{"start":{"line":112,"column":13},"end":{"line":112,"column":null}},"type":"binary-expr","locations":[{"start":{"line":112,"column":13},"end":{"line":112,"column":31}},{"start":{"line":112,"column":31},"end":{"line":112,"column":null}}],"line":112},"13":{"loc":{"start":{"line":122,"column":25},"end":{"line":122,"column":null}},"type":"cond-expr","locations":[{"start":{"line":122,"column":41},"end":{"line":122,"column":57}},{"start":{"line":122,"column":57},"end":{"line":122,"column":null}}],"line":122},"14":{"loc":{"start":{"line":125,"column":13},"end":{"line":125,"column":null}},"type":"binary-expr","locations":[{"start":{"line":125,"column":13},"end":{"line":125,"column":30}},{"start":{"line":125,"column":30},"end":{"line":125,"column":null}}],"line":125},"15":{"loc":{"start":{"line":136,"column":25},"end":{"line":136,"column":null}},"type":"cond-expr","locations":[{"start":{"line":136,"column":44},"end":{"line":136,"column":60}},{"start":{"line":136,"column":60},"end":{"line":136,"column":null}}],"line":136},"16":{"loc":{"start":{"line":139,"column":13},"end":{"line":139,"column":null}},"type":"binary-expr","locations":[{"start":{"line":139,"column":13},"end":{"line":139,"column":33}},{"start":{"line":139,"column":33},"end":{"line":139,"column":null}}],"line":139},"17":{"loc":{"start":{"line":148,"column":25},"end":{"line":148,"column":null}},"type":"cond-expr","locations":[{"start":{"line":148,"column":42},"end":{"line":148,"column":58}},{"start":{"line":148,"column":58},"end":{"line":148,"column":null}}],"line":148},"18":{"loc":{"start":{"line":156,"column":13},"end":{"line":156,"column":null}},"type":"binary-expr","locations":[{"start":{"line":156,"column":13},"end":{"line":156,"column":31}},{"start":{"line":156,"column":31},"end":{"line":156,"column":null}}],"line":156},"19":{"loc":{"start":{"line":166,"column":25},"end":{"line":166,"column":null}},"type":"cond-expr","locations":[{"start":{"line":166,"column":43},"end":{"line":166,"column":59}},{"start":{"line":166,"column":59},"end":{"line":166,"column":null}}],"line":166},"20":{"loc":{"start":{"line":169,"column":44},"end":{"line":169,"column":93}},"type":"cond-expr","locations":[{"start":{"line":169,"column":76},"end":{"line":169,"column":91}},{"start":{"line":169,"column":91},"end":{"line":169,"column":93}}],"line":169},"21":{"loc":{"start":{"line":172,"column":13},"end":{"line":172,"column":null}},"type":"binary-expr","locations":[{"start":{"line":172,"column":13},"end":{"line":172,"column":32}},{"start":{"line":172,"column":32},"end":{"line":172,"column":null}}],"line":172},"22":{"loc":{"start":{"line":176,"column":13},"end":{"line":176,"column":null}},"type":"cond-expr","locations":[{"start":{"line":176,"column":23},"end":{"line":176,"column":39}},{"start":{"line":176,"column":39},"end":{"line":176,"column":null}}],"line":176},"23":{"loc":{"start":{"line":179,"column":11},"end":{"line":182,"column":null}},"type":"binary-expr","locations":[{"start":{"line":179,"column":11},"end":{"line":179,"column":null}},{"start":{"line":180,"column":12},"end":{"line":182,"column":null}}],"line":179}},"s":{"0":1,"1":15,"2":15,"3":15,"4":15,"5":15,"6":7,"7":7,"8":2,"9":2,"10":5,"11":7,"12":0,"13":15,"14":3,"15":3,"16":3,"17":3,"18":3,"19":2,"20":2,"21":1,"22":0,"23":0,"24":3,"25":2,"26":2,"27":3,"28":2,"29":2,"30":3,"31":2,"32":2,"33":3,"34":2,"35":2,"36":3,"37":3,"38":15,"39":3,"40":3,"41":2,"42":1,"43":1,"44":1,"45":1,"46":1,"47":1,"48":1,"49":0,"50":0,"51":0,"52":1,"53":15},"f":{"0":15,"1":7,"2":3,"3":3,"4":0},"b":{"0":[2,5],"1":[0,7],"2":[2,1],"3":[0,1],"4":[2,1],"5":[3,1],"6":[2,1],"7":[2,1],"8":[2,1],"9":[2,1],"10":[1,0],"11":[2,13],"12":[15,2],"13":[2,13],"14":[15,2],"15":[2,13],"16":[15,2],"17":[2,13],"18":[15,2],"19":[2,13],"20":[0,15],"21":[15,2],"22":[1,14],"23":[15,1]},"meta":{"lastBranch":24,"lastFunction":5,"lastStatement":54,"seen":{"s:4:17:188:Infinity":0,"f:4:17:4:23":0,"s:5:30:11:Infinity":1,"s:13:28:13:Infinity":2,"s:14:38:14:Infinity":3,"s:15:28:15:Infinity":4,"s:17:23:26:Infinity":5,"f:17:23:17:24":1,"s:18:26:18:Infinity":6,"b:19:4:24:Infinity:22:11:24:Infinity":0,"s:19:4:24:Infinity":7,"s:20:26:20:Infinity":8,"s:21:6:21:Infinity":9,"s:23:6:23:Infinity":10,"b:25:4:25:Infinity:undefined:undefined:undefined:undefined":1,"s:25:4:25:Infinity":11,"s:25:21:25:Infinity":12,"s:28:28:64:Infinity":13,"f:28:28:28:34":2,"s:29:24:29:Infinity":14,"s:30:19:30:Infinity":15,"s:31:25:31:Infinity":16,"s:32:24:32:Infinity":17,"b:34:4:40:Infinity:37:4:40:Infinity":2,"s:34:4:40:Infinity":18,"s:35:6:35:Infinity":19,"s:36:6:36:Infinity":20,"b:37:4:40:Infinity:undefined:undefined:undefined:undefined":3,"s:37:4:40:Infinity":21,"s:38:6:38:Infinity":22,"s:39:6:39:Infinity":23,"b:42:4:45:Infinity:undefined:undefined:undefined:undefined":4,"s:42:4:45:Infinity":24,"b:42:8:42:34:42:34:42:69":5,"s:43:6:43:Infinity":25,"s:44:6:44:Infinity":26,"b:47:4:50:Infinity:undefined:undefined:undefined:undefined":6,"s:47:4:50:Infinity":27,"s:48:6:48:Infinity":28,"s:49:6:49:Infinity":29,"b:52:4:55:Infinity:undefined:undefined:undefined:undefined":7,"s:52:4:55:Infinity":30,"s:53:6:53:Infinity":31,"s:54:6:54:Infinity":32,"b:57:4:60:Infinity:undefined:undefined:undefined:undefined":8,"s:57:4:60:Infinity":33,"s:58:6:58:Infinity":34,"s:59:6:59:Infinity":35,"s:62:4:62:Infinity":36,"s:63:4:63:Infinity":37,"s:66:23:92:Infinity":38,"f:66:23:66:30":3,"s:67:4:67:Infinity":39,"b:68:4:68:Infinity:undefined:undefined:undefined:undefined":9,"s:68:4:68:Infinity":40,"s:68:30:68:Infinity":41,"s:70:4:70:Infinity":42,"s:72:4:91:Infinity":43,"s:74:23:78:Infinity":44,"b:80:6:86:Infinity:84:13:86:Infinity":10,"s:80:6:86:Infinity":45,"s:81:8:81:Infinity":46,"s:82:8:82:Infinity":47,"s:83:8:83:Infinity":48,"f:83:19:83:25":4,"s:83:25:83:49":49,"s:85:8:85:Infinity":50,"s:88:6:88:Infinity":51,"s:90:6:90:Infinity":52,"s:94:2:186:Infinity":53,"b:109:42:109:58:109:58:109:Infinity":11,"b:112:13:112:31:112:31:112:Infinity":12,"b:122:41:122:57:122:57:122:Infinity":13,"b:125:13:125:30:125:30:125:Infinity":14,"b:136:44:136:60:136:60:136:Infinity":15,"b:139:13:139:33:139:33:139:Infinity":16,"b:148:42:148:58:148:58:148:Infinity":17,"b:156:13:156:31:156:31:156:Infinity":18,"b:166:43:166:59:166:59:166:Infinity":19,"b:169:76:169:91:169:91:169:93":20,"b:172:13:172:32:172:32:172:Infinity":21,"b:176:23:176:39:176:39:176:Infinity":22,"b:179:11:179:Infinity:180:12:182:Infinity":23}}}
,"C:\\Users\\Usuario\\Desktop\\Proyecto My Dreams\\src\\pages\\Home.css": {"path":"C:\\Users\\Usuario\\Desktop\\Proyecto My Dreams\\src\\pages\\Home.css","statementMap":{},"fnMap":{},"branchMap":{},"s":{},"f":{},"b":{},"meta":{"lastBranch":0,"lastFunction":0,"lastStatement":0,"seen":{}}}
,"C:\\Users\\Usuario\\Desktop\\Proyecto My Dreams\\src\\pages\\Home.jsx": {"path":"C:\\Users\\Usuario\\Desktop\\Proyecto My Dreams\\src\\pages\\Home.jsx","statementMap":{"0":{"start":{"line":7,"column":30},"end":{"line":29,"column":null}},"1":{"start":{"line":31,"column":2},"end":{"line":77,"column":null}},"2":{"start":{"line":49,"column":12},"end":{"line":66,"column":null}},"3":{"start":{"line":56,"column":20},"end":{"line":56,"column":null}},"4":{"start":{"line":57,"column":20},"end":{"line":57,"column":null}}},"fnMap":{"0":{"name":"Home","decl":{"start":{"line":6,"column":9},"end":{"line":6,"column":16}},"loc":{"start":{"line":6,"column":16},"end":{"line":79,"column":null}},"line":6},"1":{"name":"(anonymous_1)","decl":{"start":{"line":48,"column":35},"end":{"line":48,"column":36}},"loc":{"start":{"line":49,"column":12},"end":{"line":66,"column":null}},"line":49},"2":{"name":"(anonymous_2)","decl":{"start":{"line":55,"column":27},"end":{"line":55,"column":28}},"loc":{"start":{"line":55,"column":34},"end":{"line":58,"column":null}},"line":55}},"branchMap":{},"s":{"0":4,"1":4,"2":12,"3":0,"4":0},"f":{"0":4,"1":12,"2":0},"b":{},"meta":{"lastBranch":0,"lastFunction":3,"lastStatement":5,"seen":{"f:6:9:6:16":0,"s:7:30:29:Infinity":0,"s:31:2:77:Infinity":1,"f:48:35:48:36":1,"s:49:12:66:Infinity":2,"f:55:27:55:28":2,"s:56:20:56:Infinity":3,"s:57:20:57:Infinity":4}}}
,"C:\\Users\\Usuario\\Desktop\\Proyecto My Dreams\\src\\pages\\Login.jsx": {"path":"C:\\Users\\Usuario\\Desktop\\Proyecto My Dreams\\src\\pages\\Login.jsx","statementMap":{"0":{"start":{"line":7,"column":30},"end":{"line":7,"column":null}},"1":{"start":{"line":8,"column":30},"end":{"line":8,"column":null}},"2":{"start":{"line":9,"column":24},"end":{"line":9,"column":null}},"3":{"start":{"line":10,"column":28},"end":{"line":10,"column":null}},"4":{"start":{"line":12,"column":8},"end":{"line":12,"column":null}},"5":{"start":{"line":14,"column":23},"end":{"line":53,"column":null}},"6":{"start":{"line":15,"column":4},"end":{"line":15,"column":null}},"7":{"start":{"line":16,"column":4},"end":{"line":16,"column":null}},"8":{"start":{"line":18,"column":4},"end":{"line":21,"column":null}},"9":{"start":{"line":19,"column":6},"end":{"line":19,"column":null}},"10":{"start":{"line":20,"column":6},"end":{"line":20,"column":null}},"11":{"start":{"line":23,"column":4},"end":{"line":23,"column":null}},"12":{"start":{"line":25,"column":4},"end":{"line":52,"column":null}},"13":{"start":{"line":26,"column":19},"end":{"line":26,"column":null}},"14":{"start":{"line":28,"column":6},"end":{"line":43,"column":null}},"15":{"start":{"line":35,"column":8},"end":{"line":35,"column":null}},"16":{"start":{"line":36,"column":8},"end":{"line":36,"column":null}},"17":{"start":{"line":38,"column":8},"end":{"line":42,"column":null}},"18":{"start":{"line":39,"column":10},"end":{"line":39,"column":null}},"19":{"start":{"line":41,"column":10},"end":{"line":41,"column":null}},"20":{"start":{"line":45,"column":6},"end":{"line":49,"column":null}},"21":{"start":{"line":46,"column":8},"end":{"line":46,"column":null}},"22":{"start":{"line":48,"column":8},"end":{"line":48,"column":null}},"23":{"start":{"line":51,"column":6},"end":{"line":51,"column":null}},"24":{"start":{"line":55,"column":2},"end":{"line":99,"column":null}},"25":{"start":{"line":73,"column":31},"end":{"line":73,"column":null}},"26":{"start":{"line":84,"column":31},"end":{"line":84,"column":null}}},"fnMap":{"0":{"name":"Login","decl":{"start":{"line":6,"column":9},"end":{"line":6,"column":17}},"loc":{"start":{"line":6,"column":17},"end":{"line":101,"column":null}},"line":6},"1":{"name":"(anonymous_1)","decl":{"start":{"line":14,"column":23},"end":{"line":14,"column":30}},"loc":{"start":{"line":14,"column":36},"end":{"line":53,"column":null}},"line":14},"2":{"name":"(anonymous_2)","decl":{"start":{"line":73,"column":24},"end":{"line":73,"column":25}},"loc":{"start":{"line":73,"column":31},"end":{"line":73,"column":null}},"line":73},"3":{"name":"(anonymous_3)","decl":{"start":{"line":84,"column":24},"end":{"line":84,"column":25}},"loc":{"start":{"line":84,"column":31},"end":{"line":84,"column":null}},"line":84}},"branchMap":{"0":{"loc":{"start":{"line":18,"column":4},"end":{"line":21,"column":null}},"type":"if","locations":[{"start":{"line":18,"column":4},"end":{"line":21,"column":null}},{"start":{},"end":{}}],"line":18},"1":{"loc":{"start":{"line":18,"column":8},"end":{"line":18,"column":46}},"type":"binary-expr","locations":[{"start":{"line":18,"column":8},"end":{"line":18,"column":28}},{"start":{"line":18,"column":28},"end":{"line":18,"column":46}}],"line":18},"2":{"loc":{"start":{"line":28,"column":6},"end":{"line":43,"column":null}},"type":"if","locations":[{"start":{"line":28,"column":6},"end":{"line":43,"column":null}},{"start":{},"end":{}}],"line":28},"3":{"loc":{"start":{"line":38,"column":8},"end":{"line":42,"column":null}},"type":"if","locations":[{"start":{"line":38,"column":8},"end":{"line":42,"column":null}},{"start":{"line":40,"column":15},"end":{"line":42,"column":null}}],"line":38},"4":{"loc":{"start":{"line":45,"column":6},"end":{"line":49,"column":null}},"type":"if","locations":[{"start":{"line":45,"column":6},"end":{"line":49,"column":null}},{"start":{"line":47,"column":13},"end":{"line":49,"column":null}}],"line":45},"5":{"loc":{"start":{"line":45,"column":10},"end":{"line":45,"column":55}},"type":"binary-expr","locations":[{"start":{"line":45,"column":10},"end":{"line":45,"column":26}},{"start":{"line":45,"column":26},"end":{"line":45,"column":55}}],"line":45},"6":{"loc":{"start":{"line":61,"column":9},"end":{"line":64,"column":null}},"type":"binary-expr","locations":[{"start":{"line":61,"column":9},"end":{"line":61,"column":null}},{"start":{"line":62,"column":10},"end":{"line":64,"column":null}}],"line":61},"7":{"loc":{"start":{"line":95,"column":13},"end":{"line":95,"column":null}},"type":"cond-expr","locations":[{"start":{"line":95,"column":23},"end":{"line":95,"column":42}},{"start":{"line":95,"column":42},"end":{"line":95,"column":null}}],"line":95}},"s":{"0":13,"1":13,"2":13,"3":13,"4":13,"5":13,"6":3,"7":3,"8":3,"9":1,"10":1,"11":2,"12":2,"13":2,"14":1,"15":1,"16":1,"17":1,"18":1,"19":0,"20":1,"21":1,"22":0,"23":2,"24":13,"25":2,"26":2},"f":{"0":13,"1":3,"2":2,"3":2},"b":{"0":[1,2],"1":[3,2],"2":[1,0],"3":[1,0],"4":[1,0],"5":[1,1],"6":[13,2],"7":[2,11]},"meta":{"lastBranch":8,"lastFunction":4,"lastStatement":27,"seen":{"f:6:9:6:17":0,"s:7:30:7:Infinity":0,"s:8:30:8:Infinity":1,"s:9:24:9:Infinity":2,"s:10:28:10:Infinity":3,"s:12:8:12:Infinity":4,"s:14:23:53:Infinity":5,"f:14:23:14:30":1,"s:15:4:15:Infinity":6,"s:16:4:16:Infinity":7,"b:18:4:21:Infinity:undefined:undefined:undefined:undefined":0,"s:18:4:21:Infinity":8,"b:18:8:18:28:18:28:18:46":1,"s:19:6:19:Infinity":9,"s:20:6:20:Infinity":10,"s:23:4:23:Infinity":11,"s:25:4:52:Infinity":12,"s:26:19:26:Infinity":13,"b:28:6:43:Infinity:undefined:undefined:undefined:undefined":2,"s:28:6:43:Infinity":14,"s:35:8:35:Infinity":15,"s:36:8:36:Infinity":16,"b:38:8:42:Infinity:40:15:42:Infinity":3,"s:38:8:42:Infinity":17,"s:39:10:39:Infinity":18,"s:41:10:41:Infinity":19,"b:45:6:49:Infinity:47:13:49:Infinity":4,"s:45:6:49:Infinity":20,"b:45:10:45:26:45:26:45:55":5,"s:46:8:46:Infinity":21,"s:48:8:48:Infinity":22,"s:51:6:51:Infinity":23,"s:55:2:99:Infinity":24,"b:61:9:61:Infinity:62:10:64:Infinity":6,"f:73:24:73:25":2,"s:73:31:73:Infinity":25,"f:84:24:84:25":3,"s:84:31:84:Infinity":26,"b:95:23:95:42:95:42:95:Infinity":7}}}
}
