{"C:\\Users\\Usuario\\Desktop\\Proyecto My Dreams\\src\\index.css": {"path":"C:\\Users\\Usuario\\Desktop\\Proyecto My Dreams\\src\\index.css","statementMap":{},"fnMap":{},"branchMap":{},"s":{},"f":{},"b":{},"meta":{"lastBranch":0,"lastFunction":0,"lastStatement":0,"seen":{}}}
,"C:\\Users\\Usuario\\Desktop\\Proyecto My Dreams\\src\\assets\\img\\kutchenDeManzana.jpg": {"path":"C:\\Users\\Usuario\\Desktop\\Proyecto My Dreams\\src\\assets\\img\\kutchenDeManzana.jpg","statementMap":{},"fnMap":{},"branchMap":{},"s":{},"f":{},"b":{},"meta":{"lastBranch":0,"lastFunction":0,"lastStatement":0,"seen":{}}}
,"C:\\Users\\Usuario\\Desktop\\Proyecto My Dreams\\src\\assets\\img\\pieDeLimon.jpg": {"path":"C:\\Users\\Usuario\\Desktop\\Proyecto My Dreams\\src\\assets\\img\\pieDeLimon.jpg","statementMap":{},"fnMap":{},"branchMap":{},"s":{},"f":{},"b":{},"meta":{"lastBranch":0,"lastFunction":0,"lastStatement":0,"seen":{}}}
,"C:\\Users\\Usuario\\Desktop\\Proyecto My Dreams\\src\\assets\\img\\tortaCremaPiña.jpg": {"path":"C:\\Users\\Usuario\\Desktop\\Proyecto My Dreams\\src\\assets\\img\\tortaCremaPiña.jpg","statementMap":{},"fnMap":{},"branchMap":{},"s":{},"f":{},"b":{},"meta":{"lastBranch":0,"lastFunction":0,"lastStatement":0,"seen":{}}}
,"C:\\Users\\Usuario\\Desktop\\Proyecto My Dreams\\src\\components\\Footer.jsx": {"path":"C:\\Users\\Usuario\\Desktop\\Proyecto My Dreams\\src\\components\\Footer.jsx","statementMap":{"0":{"start":{"line":4,"column":15},"end":{"line":15,"column":null}},"1":{"start":{"line":5,"column":2},"end":{"line":13,"column":null}}},"fnMap":{"0":{"name":"(anonymous_0)","decl":{"start":{"line":4,"column":15},"end":{"line":4,"column":21}},"loc":{"start":{"line":4,"column":21},"end":{"line":15,"column":null}},"line":4}},"branchMap":{},"s":{"0":1,"1":2},"f":{"0":2},"b":{},"meta":{"lastBranch":0,"lastFunction":1,"lastStatement":2,"seen":{"s:4:15:15:Infinity":0,"f:4:15:4:21":0,"s:5:2:13:Infinity":1}}}
,"C:\\Users\\Usuario\\Desktop\\Proyecto My Dreams\\src\\components\\Header.jsx": {"path":"C:\\Users\\Usuario\\Desktop\\Proyecto My Dreams\\src\\components\\Header.jsx","statementMap":{"0":{"start":{"line":4,"column":2},"end":{"line":22,"column":null}}},"fnMap":{"0":{"name":"Header","decl":{"start":{"line":3,"column":9},"end":{"line":3,"column":18}},"loc":{"start":{"line":3,"column":18},"end":{"line":24,"column":null}},"line":3}},"branchMap":{},"s":{"0":2},"f":{"0":2},"b":{},"meta":{"lastBranch":0,"lastFunction":1,"lastStatement":1,"seen":{"f:3:9:3:18":0,"s:4:2:22:Infinity":0}}}
,"C:\\Users\\Usuario\\Desktop\\Proyecto My Dreams\\src\\pages\\Contacto.css": {"path":"C:\\Users\\Usuario\\Desktop\\Proyecto My Dreams\\src\\pages\\Contacto.css","statementMap":{},"fnMap":{},"branchMap":{},"s":{},"f":{},"b":{},"meta":{"lastBranch":0,"lastFunction":0,"lastStatement":0,"seen":{}}}
,"C:\\Users\\Usuario\\Desktop\\Proyecto My Dreams\\src\\pages\\Contacto.jsx": {"path":"C:\\Users\\Usuario\\Desktop\\Proyecto My Dreams\\src\\pages\\Contacto.jsx","statementMap":{"0":{"start":{"line":4,"column":17},"end":{"line":185,"column":null}},"1":{"start":{"line":5,"column":30},"end":{"line":11,"column":null}},"2":{"start":{"line":13,"column":28},"end":{"line":13,"column":null}},"3":{"start":{"line":14,"column":38},"end":{"line":14,"column":null}},"4":{"start":{"line":16,"column":23},"end":{"line":22,"column":null}},"5":{"start":{"line":17,"column":26},"end":{"line":17,"column":null}},"6":{"start":{"line":18,"column":4},"end":{"line":18,"column":null}},"7":{"start":{"line":19,"column":4},"end":{"line":21,"column":null}},"8":{"start":{"line":20,"column":6},"end":{"line":20,"column":null}},"9":{"start":{"line":24,"column":28},"end":{"line":78,"column":null}},"10":{"start":{"line":25,"column":24},"end":{"line":25,"column":null}},"11":{"start":{"line":26,"column":19},"end":{"line":26,"column":null}},"12":{"start":{"line":28,"column":25},"end":{"line":28,"column":null}},"13":{"start":{"line":29,"column":24},"end":{"line":29,"column":null}},"14":{"start":{"line":30,"column":27},"end":{"line":30,"column":null}},"15":{"start":{"line":32,"column":4},"end":{"line":38,"column":null}},"16":{"start":{"line":33,"column":6},"end":{"line":33,"column":null}},"17":{"start":{"line":34,"column":6},"end":{"line":34,"column":null}},"18":{"start":{"line":35,"column":4},"end":{"line":38,"column":null}},"19":{"start":{"line":36,"column":6},"end":{"line":36,"column":null}},"20":{"start":{"line":37,"column":6},"end":{"line":37,"column":null}},"21":{"start":{"line":40,"column":4},"end":{"line":46,"column":null}},"22":{"start":{"line":41,"column":6},"end":{"line":41,"column":null}},"23":{"start":{"line":42,"column":6},"end":{"line":42,"column":null}},"24":{"start":{"line":43,"column":4},"end":{"line":46,"column":null}},"25":{"start":{"line":44,"column":6},"end":{"line":44,"column":null}},"26":{"start":{"line":45,"column":6},"end":{"line":45,"column":null}},"27":{"start":{"line":48,"column":22},"end":{"line":48,"column":null}},"28":{"start":{"line":49,"column":4},"end":{"line":58,"column":null}},"29":{"start":{"line":50,"column":6},"end":{"line":50,"column":null}},"30":{"start":{"line":51,"column":6},"end":{"line":51,"column":null}},"31":{"start":{"line":52,"column":4},"end":{"line":58,"column":null}},"32":{"start":{"line":53,"column":6},"end":{"line":53,"column":null}},"33":{"start":{"line":54,"column":6},"end":{"line":54,"column":null}},"34":{"start":{"line":55,"column":4},"end":{"line":58,"column":null}},"35":{"start":{"line":56,"column":6},"end":{"line":56,"column":null}},"36":{"start":{"line":57,"column":6},"end":{"line":57,"column":null}},"37":{"start":{"line":60,"column":4},"end":{"line":63,"column":null}},"38":{"start":{"line":61,"column":6},"end":{"line":61,"column":null}},"39":{"start":{"line":62,"column":6},"end":{"line":62,"column":null}},"40":{"start":{"line":65,"column":4},"end":{"line":74,"column":null}},"41":{"start":{"line":66,"column":6},"end":{"line":66,"column":null}},"42":{"start":{"line":67,"column":6},"end":{"line":67,"column":null}},"43":{"start":{"line":68,"column":4},"end":{"line":74,"column":null}},"44":{"start":{"line":69,"column":6},"end":{"line":69,"column":null}},"45":{"start":{"line":70,"column":6},"end":{"line":70,"column":null}},"46":{"start":{"line":71,"column":4},"end":{"line":74,"column":null}},"47":{"start":{"line":72,"column":6},"end":{"line":72,"column":null}},"48":{"start":{"line":73,"column":6},"end":{"line":73,"column":null}},"49":{"start":{"line":76,"column":4},"end":{"line":76,"column":null}},"50":{"start":{"line":77,"column":4},"end":{"line":77,"column":null}},"51":{"start":{"line":80,"column":23},"end":{"line":87,"column":null}},"52":{"start":{"line":81,"column":4},"end":{"line":81,"column":null}},"53":{"start":{"line":82,"column":4},"end":{"line":86,"column":null}},"54":{"start":{"line":83,"column":6},"end":{"line":83,"column":null}},"55":{"start":{"line":84,"column":6},"end":{"line":84,"column":null}},"56":{"start":{"line":85,"column":6},"end":{"line":85,"column":null}},"57":{"start":{"line":85,"column":23},"end":{"line":85,"column":47}},"58":{"start":{"line":89,"column":2},"end":{"line":183,"column":null}}},"fnMap":{"0":{"name":"(anonymous_0)","decl":{"start":{"line":4,"column":17},"end":{"line":4,"column":23}},"loc":{"start":{"line":4,"column":23},"end":{"line":185,"column":null}},"line":4},"1":{"name":"(anonymous_1)","decl":{"start":{"line":16,"column":23},"end":{"line":16,"column":24}},"loc":{"start":{"line":16,"column":30},"end":{"line":22,"column":null}},"line":16},"2":{"name":"(anonymous_2)","decl":{"start":{"line":24,"column":28},"end":{"line":24,"column":34}},"loc":{"start":{"line":24,"column":34},"end":{"line":78,"column":null}},"line":24},"3":{"name":"(anonymous_3)","decl":{"start":{"line":80,"column":23},"end":{"line":80,"column":24}},"loc":{"start":{"line":80,"column":30},"end":{"line":87,"column":null}},"line":80},"4":{"name":"(anonymous_4)","decl":{"start":{"line":85,"column":17},"end":{"line":85,"column":23}},"loc":{"start":{"line":85,"column":23},"end":{"line":85,"column":47}},"line":85}},"branchMap":{"0":{"loc":{"start":{"line":19,"column":4},"end":{"line":21,"column":null}},"type":"if","locations":[{"start":{"line":19,"column":4},"end":{"line":21,"column":null}},{"start":{},"end":{}}],"line":19},"1":{"loc":{"start":{"line":32,"column":4},"end":{"line":38,"column":null}},"type":"if","locations":[{"start":{"line":32,"column":4},"end":{"line":38,"column":null}},{"start":{"line":35,"column":4},"end":{"line":38,"column":null}}],"line":32},"2":{"loc":{"start":{"line":35,"column":4},"end":{"line":38,"column":null}},"type":"if","locations":[{"start":{"line":35,"column":4},"end":{"line":38,"column":null}},{"start":{},"end":{}}],"line":35},"3":{"loc":{"start":{"line":40,"column":4},"end":{"line":46,"column":null}},"type":"if","locations":[{"start":{"line":40,"column":4},"end":{"line":46,"column":null}},{"start":{"line":43,"column":4},"end":{"line":46,"column":null}}],"line":40},"4":{"loc":{"start":{"line":43,"column":4},"end":{"line":46,"column":null}},"type":"if","locations":[{"start":{"line":43,"column":4},"end":{"line":46,"column":null}},{"start":{},"end":{}}],"line":43},"5":{"loc":{"start":{"line":49,"column":4},"end":{"line":58,"column":null}},"type":"if","locations":[{"start":{"line":49,"column":4},"end":{"line":58,"column":null}},{"start":{"line":52,"column":4},"end":{"line":58,"column":null}}],"line":49},"6":{"loc":{"start":{"line":52,"column":4},"end":{"line":58,"column":null}},"type":"if","locations":[{"start":{"line":52,"column":4},"end":{"line":58,"column":null}},{"start":{"line":55,"column":4},"end":{"line":58,"column":null}}],"line":52},"7":{"loc":{"start":{"line":55,"column":4},"end":{"line":58,"column":null}},"type":"if","locations":[{"start":{"line":55,"column":4},"end":{"line":58,"column":null}},{"start":{},"end":{}}],"line":55},"8":{"loc":{"start":{"line":60,"column":4},"end":{"line":63,"column":null}},"type":"if","locations":[{"start":{"line":60,"column":4},"end":{"line":63,"column":null}},{"start":{},"end":{}}],"line":60},"9":{"loc":{"start":{"line":65,"column":4},"end":{"line":74,"column":null}},"type":"if","locations":[{"start":{"line":65,"column":4},"end":{"line":74,"column":null}},{"start":{"line":68,"column":4},"end":{"line":74,"column":null}}],"line":65},"10":{"loc":{"start":{"line":68,"column":4},"end":{"line":74,"column":null}},"type":"if","locations":[{"start":{"line":68,"column":4},"end":{"line":74,"column":null}},{"start":{"line":71,"column":4},"end":{"line":74,"column":null}}],"line":68},"11":{"loc":{"start":{"line":71,"column":4},"end":{"line":74,"column":null}},"type":"if","locations":[{"start":{"line":71,"column":4},"end":{"line":74,"column":null}},{"start":{},"end":{}}],"line":71},"12":{"loc":{"start":{"line":82,"column":4},"end":{"line":86,"column":null}},"type":"if","locations":[{"start":{"line":82,"column":4},"end":{"line":86,"column":null}},{"start":{},"end":{}}],"line":82},"13":{"loc":{"start":{"line":104,"column":36},"end":{"line":104,"column":75}},"type":"cond-expr","locations":[{"start":{"line":104,"column":53},"end":{"line":104,"column":65}},{"start":{"line":104,"column":65},"end":{"line":104,"column":75}}],"line":104},"14":{"loc":{"start":{"line":106,"column":13},"end":{"line":106,"column":null}},"type":"binary-expr","locations":[{"start":{"line":106,"column":13},"end":{"line":106,"column":31}},{"start":{"line":106,"column":31},"end":{"line":106,"column":null}}],"line":106},"15":{"loc":{"start":{"line":117,"column":36},"end":{"line":117,"column":74}},"type":"cond-expr","locations":[{"start":{"line":117,"column":52},"end":{"line":117,"column":64}},{"start":{"line":117,"column":64},"end":{"line":117,"column":74}}],"line":117},"16":{"loc":{"start":{"line":119,"column":13},"end":{"line":119,"column":null}},"type":"binary-expr","locations":[{"start":{"line":119,"column":13},"end":{"line":119,"column":30}},{"start":{"line":119,"column":30},"end":{"line":119,"column":null}}],"line":119},"17":{"loc":{"start":{"line":132,"column":38},"end":{"line":132,"column":79}},"type":"cond-expr","locations":[{"start":{"line":132,"column":57},"end":{"line":132,"column":69}},{"start":{"line":132,"column":69},"end":{"line":132,"column":79}}],"line":132},"18":{"loc":{"start":{"line":135,"column":13},"end":{"line":135,"column":null}},"type":"binary-expr","locations":[{"start":{"line":135,"column":13},"end":{"line":135,"column":33}},{"start":{"line":135,"column":33},"end":{"line":135,"column":null}}],"line":135},"19":{"loc":{"start":{"line":144,"column":36},"end":{"line":144,"column":75}},"type":"cond-expr","locations":[{"start":{"line":144,"column":53},"end":{"line":144,"column":65}},{"start":{"line":144,"column":65},"end":{"line":144,"column":75}}],"line":144},"20":{"loc":{"start":{"line":152,"column":13},"end":{"line":152,"column":null}},"type":"binary-expr","locations":[{"start":{"line":152,"column":13},"end":{"line":152,"column":31}},{"start":{"line":152,"column":31},"end":{"line":152,"column":null}}],"line":152},"21":{"loc":{"start":{"line":164,"column":36},"end":{"line":164,"column":76}},"type":"cond-expr","locations":[{"start":{"line":164,"column":54},"end":{"line":164,"column":66}},{"start":{"line":164,"column":66},"end":{"line":164,"column":76}}],"line":164},"22":{"loc":{"start":{"line":167,"column":37},"end":{"line":167,"column":90}},"type":"cond-expr","locations":[{"start":{"line":167,"column":70},"end":{"line":167,"column":82}},{"start":{"line":167,"column":82},"end":{"line":167,"column":90}}],"line":167},"23":{"loc":{"start":{"line":171,"column":13},"end":{"line":171,"column":null}},"type":"binary-expr","locations":[{"start":{"line":171,"column":13},"end":{"line":171,"column":32}},{"start":{"line":171,"column":32},"end":{"line":171,"column":null}}],"line":171},"24":{"loc":{"start":{"line":176,"column":11},"end":{"line":179,"column":null}},"type":"binary-expr","locations":[{"start":{"line":176,"column":11},"end":{"line":176,"column":null}},{"start":{"line":177,"column":12},"end":{"line":179,"column":null}}],"line":176}},"s":{"0":1,"1":15,"2":15,"3":15,"4":15,"5":7,"6":7,"7":7,"8":0,"9":15,"10":4,"11":4,"12":4,"13":4,"14":4,"15":4,"16":3,"17":3,"18":1,"19":0,"20":0,"21":4,"22":3,"23":3,"24":1,"25":0,"26":0,"27":4,"28":4,"29":2,"30":2,"31":2,"32":1,"33":1,"34":1,"35":0,"36":0,"37":4,"38":3,"39":3,"40":4,"41":2,"42":2,"43":2,"44":1,"45":1,"46":1,"47":0,"48":0,"49":4,"50":4,"51":15,"52":4,"53":4,"54":1,"55":1,"56":1,"57":0,"58":15},"f":{"0":15,"1":7,"2":4,"3":4,"4":0},"b":{"0":[0,7],"1":[3,1],"2":[0,1],"3":[3,1],"4":[0,1],"5":[2,2],"6":[1,1],"7":[0,1],"8":[3,1],"9":[2,2],"10":[1,1],"11":[0,1],"12":[1,3],"13":[3,12],"14":[15,3],"15":[3,12],"16":[15,3],"17":[3,12],"18":[15,3],"19":[3,12],"20":[15,3],"21":[3,12],"22":[0,15],"23":[15,3],"24":[15,1]},"meta":{"lastBranch":25,"lastFunction":5,"lastStatement":59,"seen":{"s:4:17:185:Infinity":0,"f:4:17:4:23":0,"s:5:30:11:Infinity":1,"s:13:28:13:Infinity":2,"s:14:38:14:Infinity":3,"s:16:23:22:Infinity":4,"f:16:23:16:24":1,"s:17:26:17:Infinity":5,"s:18:4:18:Infinity":6,"b:19:4:21:Infinity:undefined:undefined:undefined:undefined":0,"s:19:4:21:Infinity":7,"s:20:6:20:Infinity":8,"s:24:28:78:Infinity":9,"f:24:28:24:34":2,"s:25:24:25:Infinity":10,"s:26:19:26:Infinity":11,"s:28:25:28:Infinity":12,"s:29:24:29:Infinity":13,"s:30:27:30:Infinity":14,"b:32:4:38:Infinity:35:4:38:Infinity":1,"s:32:4:38:Infinity":15,"s:33:6:33:Infinity":16,"s:34:6:34:Infinity":17,"b:35:4:38:Infinity:undefined:undefined:undefined:undefined":2,"s:35:4:38:Infinity":18,"s:36:6:36:Infinity":19,"s:37:6:37:Infinity":20,"b:40:4:46:Infinity:43:4:46:Infinity":3,"s:40:4:46:Infinity":21,"s:41:6:41:Infinity":22,"s:42:6:42:Infinity":23,"b:43:4:46:Infinity:undefined:undefined:undefined:undefined":4,"s:43:4:46:Infinity":24,"s:44:6:44:Infinity":25,"s:45:6:45:Infinity":26,"s:48:22:48:Infinity":27,"b:49:4:58:Infinity:52:4:58:Infinity":5,"s:49:4:58:Infinity":28,"s:50:6:50:Infinity":29,"s:51:6:51:Infinity":30,"b:52:4:58:Infinity:55:4:58:Infinity":6,"s:52:4:58:Infinity":31,"s:53:6:53:Infinity":32,"s:54:6:54:Infinity":33,"b:55:4:58:Infinity:undefined:undefined:undefined:undefined":7,"s:55:4:58:Infinity":34,"s:56:6:56:Infinity":35,"s:57:6:57:Infinity":36,"b:60:4:63:Infinity:undefined:undefined:undefined:undefined":8,"s:60:4:63:Infinity":37,"s:61:6:61:Infinity":38,"s:62:6:62:Infinity":39,"b:65:4:74:Infinity:68:4:74:Infinity":9,"s:65:4:74:Infinity":40,"s:66:6:66:Infinity":41,"s:67:6:67:Infinity":42,"b:68:4:74:Infinity:71:4:74:Infinity":10,"s:68:4:74:Infinity":43,"s:69:6:69:Infinity":44,"s:70:6:70:Infinity":45,"b:71:4:74:Infinity:undefined:undefined:undefined:undefined":11,"s:71:4:74:Infinity":46,"s:72:6:72:Infinity":47,"s:73:6:73:Infinity":48,"s:76:4:76:Infinity":49,"s:77:4:77:Infinity":50,"s:80:23:87:Infinity":51,"f:80:23:80:24":3,"s:81:4:81:Infinity":52,"b:82:4:86:Infinity:undefined:undefined:undefined:undefined":12,"s:82:4:86:Infinity":53,"s:83:6:83:Infinity":54,"s:84:6:84:Infinity":55,"s:85:6:85:Infinity":56,"f:85:17:85:23":4,"s:85:23:85:47":57,"s:89:2:183:Infinity":58,"b:104:53:104:65:104:65:104:75":13,"b:106:13:106:31:106:31:106:Infinity":14,"b:117:52:117:64:117:64:117:74":15,"b:119:13:119:30:119:30:119:Infinity":16,"b:132:57:132:69:132:69:132:79":17,"b:135:13:135:33:135:33:135:Infinity":18,"b:144:53:144:65:144:65:144:75":19,"b:152:13:152:31:152:31:152:Infinity":20,"b:164:54:164:66:164:66:164:76":21,"b:167:70:167:82:167:82:167:90":22,"b:171:13:171:32:171:32:171:Infinity":23,"b:176:11:176:Infinity:177:12:179:Infinity":24}}}
,"C:\\Users\\Usuario\\Desktop\\Proyecto My Dreams\\src\\pages\\Home.jsx": {"path":"C:\\Users\\Usuario\\Desktop\\Proyecto My Dreams\\src\\pages\\Home.jsx","statementMap":{"0":{"start":{"line":9,"column":2},"end":{"line":52,"column":null}}},"fnMap":{"0":{"name":"Home","decl":{"start":{"line":8,"column":9},"end":{"line":8,"column":16}},"loc":{"start":{"line":8,"column":16},"end":{"line":54,"column":null}},"line":8}},"branchMap":{},"s":{"0":3},"f":{"0":3},"b":{},"meta":{"lastBranch":0,"lastFunction":1,"lastStatement":1,"seen":{"f:8:9:8:16":0,"s:9:2:52:Infinity":0}}}
}
